# JRE version: OpenJDK Runtime Environment (17.0.11) (build 17.0.11+0--11852314)
# Java VM: OpenJDK 64-Bit Server VM (17.0.11+0--11852314, mixed mode, tiered, compressed oops, compressed class ptrs, g1 gc, windows-amd64)
GC Precious Log:
 CPUs: 12 total, 12 available
 Memory: 16221M
 Large Page Support: Disabled
 NUMA Support: Disabled
 Compressed Oops: Enabled (32-bit)
 Heap Region Size: 1M
 Heap Min Capacity: 8M
 Heap Initial Capacity: 254M
 Heap Max Capacity: 2G
 Pre-touch: Disabled
 Parallel Workers: 10
 Concurrent Workers: 3
 Concurrent Refinement Workers: 10
 Periodic GC: Disabled
Heap:
 garbage-first heap   total 346112K, used 156825K [0x0000000080000000, 0x0000000100000000)
  region size 1024K, 17 young (17408K), 12 survivors (12288K)
 Metaspace       used 115234K, committed 116224K, reserved 1179648K
  class space    used 15729K, committed 16192K, reserved 1048576K
GC Heap History (20 events):
Event: 7.796 GC heap before
{Heap before GC invocations=34 (full 0):
 garbage-first heap   total 187392K, used 153983K [0x0000000080000000, 0x0000000100000000)
  region size 1024K, 69 young (70656K), 7 survivors (7168K)
 Metaspace       used 92548K, committed 93312K, reserved 1179648K
  class space    used 12851K, committed 13184K, reserved 1048576K
}
Event: 7.801 GC heap after
{Heap after GC invocations=35 (full 0):
 garbage-first heap   total 187392K, used 94493K [0x0000000080000000, 0x0000000100000000)
  region size 1024K, 6 young (6144K), 6 survivors (6144K)
 Metaspace       used 92548K, committed 93312K, reserved 1179648K
  class space    used 12851K, committed 13184K, reserved 1048576K
}
Event: 8.266 GC heap before
{Heap before GC invocations=35 (full 0):
 garbage-first heap   total 187392K, used 154909K [0x0000000080000000, 0x0000000100000000)
  region size 1024K, 65 young (66560K), 6 survivors (6144K)
 Metaspace       used 97928K, committed 98752K, reserved 1179648K
  class space    used 13623K, committed 14016K, reserved 1048576K
}
Event: 8.271 GC heap after
{Heap after GC invocations=36 (full 0):
 garbage-first heap   total 187392K, used 97868K [0x0000000080000000, 0x0000000100000000)
  region size 1024K, 8 young (8192K), 8 survivors (8192K)
 Metaspace       used 97928K, committed 98752K, reserved 1179648K
  class space    used 13623K, committed 14016K, reserved 1048576K
}
Event: 8.723 GC heap before
{Heap before GC invocations=36 (full 0):
 garbage-first heap   total 187392K, used 154188K [0x0000000080000000, 0x0000000100000000)
  region size 1024K, 64 young (65536K), 8 survivors (8192K)
 Metaspace       used 101404K, committed 102272K, reserved 1179648K
  class space    used 14174K, committed 14592K, reserved 1048576K
}
Event: 8.730 GC heap after
{Heap after GC invocations=37 (full 0):
 garbage-first heap   total 187392K, used 102690K [0x0000000080000000, 0x0000000100000000)
  region size 1024K, 8 young (8192K), 8 survivors (8192K)
 Metaspace       used 101404K, committed 102272K, reserved 1179648K
  class space    used 14174K, committed 14592K, reserved 1048576K
}
Event: 8.862 GC heap before
{Heap before GC invocations=37 (full 0):
 garbage-first heap   total 187392K, used 153890K [0x0000000080000000, 0x0000000100000000)
  region size 1024K, 59 young (60416K), 8 survivors (8192K)
 Metaspace       used 101711K, committed 102528K, reserved 1179648K
  class space    used 14205K, committed 14592K, reserved 1048576K
}
Event: 8.865 GC heap after
{Heap after GC invocations=38 (full 0):
 garbage-first heap   total 187392K, used 107668K [0x0000000080000000, 0x0000000100000000)
  region size 1024K, 6 young (6144K), 6 survivors (6144K)
 Metaspace       used 101711K, committed 102528K, reserved 1179648K
  class space    used 14205K, committed 14592K, reserved 1048576K
}
Event: 9.017 GC heap before
{Heap before GC invocations=38 (full 0):
 garbage-first heap   total 187392K, used 154772K [0x0000000080000000, 0x0000000100000000)
  region size 1024K, 53 young (54272K), 6 survivors (6144K)
 Metaspace       used 102132K, committed 102912K, reserved 1179648K
  class space    used 14265K, committed 14656K, reserved 1048576K
}
Event: 9.019 GC heap after
{Heap after GC invocations=39 (full 0):
 garbage-first heap   total 187392K, used 109719K [0x0000000080000000, 0x0000000100000000)
  region size 1024K, 5 young (5120K), 5 survivors (5120K)
 Metaspace       used 102132K, committed 102912K, reserved 1179648K
  class space    used 14265K, committed 14656K, reserved 1048576K
}
Event: 9.233 GC heap before
{Heap before GC invocations=39 (full 0):
 garbage-first heap   total 187392K, used 153751K [0x0000000080000000, 0x0000000100000000)
  region size 1024K, 49 young (50176K), 5 survivors (5120K)
 Metaspace       used 102479K, committed 103296K, reserved 1179648K
  class space    used 14302K, committed 14720K, reserved 1048576K
}
Event: 9.236 GC heap after
{Heap after GC invocations=40 (full 0):
 garbage-first heap   total 346112K, used 111708K [0x0000000080000000, 0x0000000100000000)
  region size 1024K, 5 young (5120K), 5 survivors (5120K)
 Metaspace       used 102479K, committed 103296K, reserved 1179648K
  class space    used 14302K, committed 14720K, reserved 1048576K
}
Event: 9.708 GC heap before
{Heap before GC invocations=40 (full 0):
 garbage-first heap   total 346112K, used 273500K [0x0000000080000000, 0x0000000100000000)
  region size 1024K, 164 young (167936K), 5 survivors (5120K)
 Metaspace       used 102945K, committed 103808K, reserved 1179648K
  class space    used 14350K, committed 14784K, reserved 1048576K
}
Event: 9.713 GC heap after
{Heap after GC invocations=41 (full 0):
 garbage-first heap   total 346112K, used 116804K [0x0000000080000000, 0x0000000100000000)
  region size 1024K, 10 young (10240K), 10 survivors (10240K)
 Metaspace       used 102945K, committed 103808K, reserved 1179648K
  class space    used 14350K, committed 14784K, reserved 1048576K
}
Event: 14.730 GC heap before
{Heap before GC invocations=41 (full 0):
 garbage-first heap   total 346112K, used 283716K [0x0000000080000000, 0x0000000100000000)
  region size 1024K, 169 young (173056K), 10 survivors (10240K)
 Metaspace       used 107514K, committed 108416K, reserved 1179648K
  class space    used 14766K, committed 15232K, reserved 1048576K
}
Event: 14.738 GC heap after
{Heap after GC invocations=42 (full 0):
 garbage-first heap   total 346112K, used 128678K [0x0000000080000000, 0x0000000100000000)
  region size 1024K, 22 young (22528K), 22 survivors (22528K)
 Metaspace       used 107514K, committed 108416K, reserved 1179648K
  class space    used 14766K, committed 15232K, reserved 1048576K
}
Event: 16.865 GC heap before
{Heap before GC invocations=42 (full 0):
 garbage-first heap   total 346112K, used 286374K [0x0000000080000000, 0x0000000100000000)
  region size 1024K, 134 young (137216K), 22 survivors (22528K)
 Metaspace       used 112135K, committed 113024K, reserved 1179648K
  class space    used 15354K, committed 15808K, reserved 1048576K
}
Event: 16.874 GC heap after
{Heap after GC invocations=43 (full 0):
 garbage-first heap   total 346112K, used 147309K [0x0000000080000000, 0x0000000100000000)
  region size 1024K, 10 young (10240K), 10 survivors (10240K)
 Metaspace       used 112135K, committed 113024K, reserved 1179648K
  class space    used 15354K, committed 15808K, reserved 1048576K
}
Event: 276.068 GC heap before
{Heap before GC invocations=43 (full 0):
 garbage-first heap   total 346112K, used 211821K [0x0000000080000000, 0x0000000100000000)
  region size 1024K, 52 young (53248K), 10 survivors (10240K)
 Metaspace       used 114187K, committed 115136K, reserved 1179648K
  class space    used 15667K, committed 16128K, reserved 1048576K
}
Event: 276.072 GC heap after
{Heap after GC invocations=44 (full 0):
 garbage-first heap   total 346112K, used 153753K [0x0000000080000000, 0x0000000100000000)
  region size 1024K, 12 young (12288K), 12 survivors (12288K)
 Metaspace       used 114187K, committed 115136K, reserved 1179648K
  class space    used 15667K, committed 16128K, reserved 1048576K
}

